<?xml version="1.0" encoding="UTF-8"?>
<!-- Generated by org.testng.reporters.JUnitReportReporter -->
<testsuite skipped="0" hostname="LAPTOP-AUM1F61A" name="com.practice.command.BrowserCommand" tests="1" failures="0" timestamp="2020-04-04T14:10:49 IST" time="28.334" errors="0">
  <testcase name="browserCommand" time="28.334" classname="com.practice.command.BrowserCommand"/>
</testsuite> <!-- com.practice.command.BrowserCommand -->
