<?xml version="1.0" encoding="UTF-8"?>
<!-- Generated by org.testng.reporters.JUnitReportReporter -->
<testsuite skipped="0" hostname="LAPTOP-AUM1F61A" name="com.practice.poiapi.TestExcelData" tests="4" failures="0" timestamp="2020-02-14T16:16:19 IST" time="0.173" errors="0">
  <testcase name="Test" time="0.032" classname="com.practice.poiapi.TestExcelData"/>
  <testcase name="Test" time="0.063" classname="com.practice.poiapi.TestExcelData"/>
  <testcase name="Test" time="0.046" classname="com.practice.poiapi.TestExcelData"/>
  <testcase name="Test" time="0.032" classname="com.practice.poiapi.TestExcelData"/>
</testsuite> <!-- com.practice.poiapi.TestExcelData -->
