<?xml version="1.0" encoding="UTF-8"?>
<!-- Generated by org.testng.reporters.JUnitReportReporter -->
<testsuite skipped="0" hostname="LAPTOP-AUM1F61A" name="com.practice.javascript.DemoJavaScript" tests="1" failures="0" timestamp="2020-03-23T18:40:06 IST" time="123.259" errors="0">
  <testcase name="testStart" time="123.259" classname="com.practice.javascript.DemoJavaScript"/>
</testsuite> <!-- com.practice.javascript.DemoJavaScript -->
