<?xml version="1.0" encoding="UTF-8"?>
<!-- Generated by org.testng.reporters.JUnitReportReporter -->
<testsuite skipped="0" hostname="LAPTOP-AUM1F61A" name="com.practice.postmanhelp.PostmanCommnadVerify" tests="1" failures="0" timestamp="2020-04-21T15:39:56 IST" time="11.820" errors="0">
  <testcase name="test" time="11.820" classname="com.practice.postmanhelp.PostmanCommnadVerify"/>
</testsuite> <!-- com.practice.postmanhelp.PostmanCommnadVerify -->
