<?xml version="1.0" encoding="UTF-8"?>
<!-- Generated by org.testng.reporters.JUnitReportReporter -->
<testsuite skipped="0" hostname="LAPTOP-AUM1F61A" name="com.practice.docker_impliment.DockerImpliment" tests="4" failures="0" timestamp="2020-04-14T12:08:12 IST" time="100.098" errors="0">
  <testcase name="dockerTestDemoOne" time="14.259" classname="com.practice.docker_impliment.DockerImpliment"/>
  <testcase name="dockerTestDemoTwo" time="25.960" classname="com.practice.docker_impliment.DockerImpliment"/>
  <testcase name="dockerTestDemoFour" time="39.458" classname="com.practice.docker_impliment.DockerImpliment"/>
  <testcase name="dockerTestDemoThree" time="20.421" classname="com.practice.docker_impliment.DockerImpliment"/>
</testsuite> <!-- com.practice.docker_impliment.DockerImpliment -->
