<?xml version="1.0" encoding="UTF-8"?>
<!-- Generated by org.testng.reporters.JUnitReportReporter -->
<testsuite skipped="0" hostname="LAPTOP-AUM1F61A" name="com.practice.calender.CalenderHandle" tests="1" failures="0" timestamp="2020-02-16T00:48:11 IST" time="28.321" errors="0">
  <testcase name="MainExection" time="28.321" classname="com.practice.calender.CalenderHandle"/>
</testsuite> <!-- com.practice.calender.CalenderHandle -->
