<?xml version="1.0" encoding="UTF-8"?>
<!-- Generated by org.testng.reporters.JUnitReportReporter -->
<testsuite skipped="0" hostname="LAPTOP-AUM1F61A" name="com.practice.datapicker.BaseTest" tests="1" failures="0" timestamp="2020-05-16T11:19:44 IST" time="158.685" errors="0">
  <testcase name="selectGivenDate" time="158.685" classname="com.practice.datapicker.BaseTest"/>
</testsuite> <!-- com.practice.datapicker.BaseTest -->
