<?xml version="1.0" encoding="UTF-8"?>
<!-- Generated by org.testng.reporters.JUnitReportReporter -->
<testsuite skipped="0" hostname="LAPTOP-AUM1F61A" name="com.practice.webelementtest.AllOneWebElementTest" tests="1" failures="0" timestamp="2020-02-21T01:09:24 IST" time="28.173" errors="0">
  <testcase name="selectWebElement" time="28.173" classname="com.practice.webelementtest.AllOneWebElementTest"/>
</testsuite> <!-- com.practice.webelementtest.AllOneWebElementTest -->
