<?xml version="1.0" encoding="UTF-8"?>
<!-- Generated by org.testng.reporters.JUnitReportReporter -->
<testsuite skipped="0" hostname="LAPTOP-AUM1F61A" name="com.practtice.collectwebelemrt.Demo" tests="1" failures="0" timestamp="2020-02-25T15:41:15 IST" time="46.104" errors="0">
  <testcase name="test" time="46.104" classname="com.practtice.collectwebelemrt.Demo"/>
</testsuite> <!-- com.practtice.collectwebelemrt.Demo -->
