<?xml version="1.0" encoding="UTF-8"?>
<!-- Generated by org.testng.reporters.JUnitReportReporter -->
<testsuite skipped="0" hostname="LAPTOP-AUM1F61A" name="com.practice.javascript.TestJavaScript" tests="1" failures="0" timestamp="2020-02-24T11:24:13 IST" time="0.018" errors="0">
  <testcase name="perforrm" time="0.018" classname="com.practice.javascript.TestJavaScript"/>
</testsuite> <!-- com.practice.javascript.TestJavaScript -->
