<?xml version="1.0" encoding="UTF-8"?>
<!-- Generated by org.testng.reporters.JUnitReportReporter -->
<testsuite skipped="0" hostname="LAPTOP-AUM1F61A" name="com.practice.docker_impliment.DockerImpliment_test" tests="4" failures="0" timestamp="2020-04-14T12:30:17 IST" time="295.937" errors="0">
  <testcase name="dockerTestDemoTwo" time="106.434" classname="com.practice.docker_impliment.DockerImpliment_test"/>
  <testcase name="dockerTestDemoFour" time="53.771" classname="com.practice.docker_impliment.DockerImpliment_test"/>
  <testcase name="dockerTestDemoOne" time="71.529" classname="com.practice.docker_impliment.DockerImpliment_test"/>
  <testcase name="dockerTestDemoThree" time="64.203" classname="com.practice.docker_impliment.DockerImpliment_test"/>
</testsuite> <!-- com.practice.docker_impliment.DockerImpliment_test -->
