<?xml version="1.0" encoding="UTF-8"?>
<!-- Generated by org.testng.reporters.JUnitReportReporter -->
<testsuite skipped="0" hostname="LAPTOP-AUM1F61A" name="com.practice.webelementtest.AllOneWebElementTest" tests="1" failures="0" timestamp="2020-02-20T17:23:43 IST" time="36.458" errors="0">
  <testcase name="selectWebElement" time="36.458" classname="com.practice.webelementtest.AllOneWebElementTest"/>
</testsuite> <!-- com.practice.webelementtest.AllOneWebElementTest -->
