<?xml version="1.0" encoding="UTF-8"?>
<!-- Generated by org.testng.reporters.JUnitReportReporter -->
<testsuite skipped="0" hostname="LAPTOP-AUM1F61A" name="com.prcatice.testnglister.testngpractice" tests="3" failures="0" timestamp="2020-03-03T10:45:35 IST" time="0.017" errors="0">
  <testcase name="methodTest2" time="0.001" classname="com.prcatice.testnglister.testngpractice"/>
  <testcase name="methodTest3" time="0.002" classname="com.prcatice.testnglister.testngpractice"/>
  <testcase name="method5" time="0.014" classname="com.prcatice.testnglister.testngpractice"/>
</testsuite> <!-- com.prcatice.testnglister.testngpractice -->
