<?xml version="1.0" encoding="UTF-8"?>
<!-- Generated by org.testng.reporters.JUnitReportReporter -->
<testsuite skipped="3" hostname="LAPTOP-AUM1F61A" name="com.practice.command.BrowserCommand" tests="4" failures="0" timestamp="2020-04-05T10:04:39 IST" time="23.916" errors="0">
  <testcase name="handleAlert" time="23.916" classname="com.practice.command.BrowserCommand"/>
  <testcase name="findBorkenLink" classname="com.practice.command.BrowserCommand">
    <skipped/>
  </testcase> <!-- findBorkenLink -->
  <testcase name="browserCommand" classname="com.practice.command.BrowserCommand">
    <skipped/>
  </testcase> <!-- browserCommand -->
  <testcase name="selectClassTest" classname="com.practice.command.BrowserCommand">
    <skipped/>
  </testcase> <!-- selectClassTest -->
</testsuite> <!-- com.practice.command.BrowserCommand -->
