<?xml version="1.0" encoding="UTF-8"?>
<!-- Generated by org.testng.reporters.JUnitReportReporter -->
<testsuite skipped="0" hostname="LAPTOP-AUM1F61A" name="com.practice.javascript.DemoJavaScript" tests="1" failures="0" timestamp="2020-02-24T15:34:06 IST" time="49.506" errors="0">
  <testcase name="testStart" time="49.506" classname="com.practice.javascript.DemoJavaScript"/>
</testsuite> <!-- com.practice.javascript.DemoJavaScript -->
