<?xml version="1.0" encoding="UTF-8"?>
<!-- Generated by org.testng.reporters.JUnitReportReporter -->
<testsuite skipped="0" hostname="LAPTOP-AUM1F61A" name="com.practice.command.ActionHelper" tests="1" failures="0" timestamp="2020-04-09T10:03:15 IST" time="42.372" errors="0">
  <testcase name="actionHelper" time="42.372" classname="com.practice.command.ActionHelper"/>
</testsuite> <!-- com.practice.command.ActionHelper -->
