<?xml version="1.0" encoding="UTF-8"?>
<!-- Generated by org.testng.reporters.JUnitReportReporter -->
<testsuite skipped="0" hostname="LAPTOP-AUM1F61A" name="com.practice.databasetest.AcessDatabase" tests="1" failures="0" timestamp="2020-02-19T16:43:15 IST" time="1.101" errors="0">
  <testcase name="Testwork" time="1.101" classname="com.practice.databasetest.AcessDatabase"/>
</testsuite> <!-- com.practice.databasetest.AcessDatabase -->
