<?xml version="1.0" encoding="UTF-8"?>
<!-- Generated by org.testng.reporters.JUnitReportReporter -->
<testsuite skipped="0" hostname="LAPTOP-AUM1F61A" name="com.practice.EventListnerWithLog4j.EventListner" tests="1" failures="0" timestamp="2020-05-06T00:00:56 IST" time="20.827" errors="0">
  <testcase name="TestProcess" time="20.827" classname="com.practice.EventListnerWithLog4j.EventListner"/>
</testsuite> <!-- com.practice.EventListnerWithLog4j.EventListner -->
