<?xml version="1.0" encoding="UTF-8"?>
<!-- Generated by org.testng.reporters.JUnitReportReporter -->
<testsuite skipped="7" hostname="LAPTOP-AUM1F61A" name="com.practice.command.BrowserCommand" tests="8" failures="0" timestamp="2020-04-12T00:12:43 IST" time="38.573" errors="0">
  <testcase name="testCookies" time="38.573" classname="com.practice.command.BrowserCommand"/>
  <testcase name="findBorkenLink" classname="com.practice.command.BrowserCommand">
    <skipped/>
  </testcase> <!-- findBorkenLink -->
  <testcase name="actionHelper" classname="com.practice.command.BrowserCommand">
    <skipped/>
  </testcase> <!-- actionHelper -->
  <testcase name="handleAlert" classname="com.practice.command.BrowserCommand">
    <skipped/>
  </testcase> <!-- handleAlert -->
  <testcase name="browserCommand" classname="com.practice.command.BrowserCommand">
    <skipped/>
  </testcase> <!-- browserCommand -->
  <testcase name="selectClassTest" classname="com.practice.command.BrowserCommand">
    <skipped/>
  </testcase> <!-- selectClassTest -->
  <testcase name="getEmailIdOfHr" classname="com.practice.command.BrowserCommand">
    <skipped/>
  </testcase> <!-- getEmailIdOfHr -->
  <testcase name="javaScriptExecuteDemo" classname="com.practice.command.BrowserCommand">
    <skipped/>
  </testcase> <!-- javaScriptExecuteDemo -->
</testsuite> <!-- com.practice.command.BrowserCommand -->
