<?xml version="1.0" encoding="UTF-8"?>
<!-- Generated by org.testng.reporters.JUnitReportReporter -->
<testsuite skipped="6" hostname="LAPTOP-AUM1F61A" name="com.practice.command.BrowserCommand" tests="7" failures="0" timestamp="2020-04-09T10:13:43 IST" time="47.901" errors="0">
  <testcase name="actionHelper" time="47.901" classname="com.practice.command.BrowserCommand"/>
  <testcase name="findBorkenLink" classname="com.practice.command.BrowserCommand">
    <skipped/>
  </testcase> <!-- findBorkenLink -->
  <testcase name="handleAlert" classname="com.practice.command.BrowserCommand">
    <skipped/>
  </testcase> <!-- handleAlert -->
  <testcase name="browserCommand" classname="com.practice.command.BrowserCommand">
    <skipped/>
  </testcase> <!-- browserCommand -->
  <testcase name="selectClassTest" classname="com.practice.command.BrowserCommand">
    <skipped/>
  </testcase> <!-- selectClassTest -->
  <testcase name="getEmailIdOfHr" classname="com.practice.command.BrowserCommand">
    <skipped/>
  </testcase> <!-- getEmailIdOfHr -->
  <testcase name="javaScriptExecuteDemo" classname="com.practice.command.BrowserCommand">
    <skipped/>
  </testcase> <!-- javaScriptExecuteDemo -->
</testsuite> <!-- com.practice.command.BrowserCommand -->
