<?xml version="1.0" encoding="UTF-8"?>
<!-- Generated by org.testng.reporters.JUnitReportReporter -->
<testsuite skipped="0" hostname="LAPTOP-AUM1F61A" name="com.practice.EventListnerWithLog4j.EventListner" tests="1" failures="0" timestamp="2020-03-11T13:24:25 IST" time="37.279" errors="0">
  <testcase name="TestProcess" time="37.279" classname="com.practice.EventListnerWithLog4j.EventListner"/>
</testsuite> <!-- com.practice.EventListnerWithLog4j.EventListner -->
